app/build/outputs/mapping/debug/seeds.txt
taxi.kassa.R$id: int passport_first_edit_text
taxi.kassa.model.responses.ResponseAPI: taxi.kassa.model.responses.ResponseError error
taxi.kassa.R$id: int driver_license_input_view2
taxi.kassa.R$id: int action_withdrawCreateFragment_to_accountsFragment
taxi.kassa.model.LoadImage: int hashCode()
taxi.kassa.R$id: int ghost_view_holder
taxi.kassa.R$id: int name_edit_text
taxi.kassa.R$id: int action_container
taxi.kassa.R$id: int action_connectionFragment_to_registrationSelectionFragment
taxi.kassa.model.LoadImage: android.graphics.Bitmap component2()
taxi.kassa.R$id: int city_passport_registration_input_view2
taxi.kassa.R$id: int filled
taxi.kassa.R$id: int scroll
taxi.kassa.R$id: int right_icon
taxi.kassa.R$id: int expanded_menu
taxi.kassa.model.Message: boolean equals(java.lang.Object)
taxi.kassa.view.accounts.AccountsViewModel
taxi.kassa.model.remote.ApiClient$create$interceptor$1: okhttp3.Response intercept(okhttp3.Interceptor$Chain)
taxi.kassa.R$id: int tip_amount
taxi.kassa.R$id: int instant_withdrawal_tv
taxi.kassa.R$id: int yandex_image
taxi.kassa.R$id: int mtrl_calendar_days_of_week
taxi.kassa.R$id: int adjust_height
taxi.kassa.R$id: int accessibility_custom_action_0
taxi.kassa.R$id: int up
taxi.kassa.model.responses.Order: java.lang.Float statuntTotal
taxi.kassa.model.responses.AccountsList: java.util.List info
taxi.kassa.R$id: int license_edit_text
taxi.kassa.R$id: int sts_input_view
taxi.kassa.R$id: int download_documents_button
taxi.kassa.R$id: int action_bar
taxi.kassa.R$id: int withdrawsFragment
taxi.kassa.model.responses.ResponseOwner: void setLast_name(java.lang.String)
taxi.kassa.R$id: int order_title
taxi.kassa.R$id: int center_horizontal
taxi.kassa.model.Card: java.lang.String date
taxi.kassa.model.responses.Withdraw: java.lang.String getAmount()
taxi.kassa.R$id: int mtrl_picker_text_input_date
taxi.kassa.R$id: int gett_background
taxi.kassa.R$id: int buttonPanel
taxi.kassa.R$id: int password_toggle
taxi.kassa.R$id: int none
taxi.kassa.R$id: int src_in
taxi.kassa.R$id: int month_navigation_bar
taxi.kassa.R$id: int registration_variants_tv
taxi.kassa.R$id: int authCodeFragment
taxi.kassa.R$id: int customPanel
taxi.kassa.model.LoadImage: taxi.kassa.model.LoadImage copy$default(taxi.kassa.model.LoadImage,int,android.graphics.Bitmap,int,java.lang.Object)
taxi.kassa.model.Taxi: int component1()
taxi.kassa.model.Notification: taxi.kassa.model.Notification copy(java.lang.String,java.lang.String,java.lang.String,boolean)
taxi.kassa.R$id: int input4
taxi.kassa.model.responses.ResponseOwner: java.lang.String balanceYandex
taxi.kassa.R$id: int minus_image
taxi.kassa.model.responses.ResponseOwner: java.lang.String getBalanceYandex()
taxi.kassa.R$id: int ok_btn
taxi.kassa.R$id: int edit_query
taxi.kassa.R$id: int action_introFragment_to_authPhoneFragment
taxi.kassa.model.responses.Order: java.lang.String amountTip
taxi.kassa.view.profile.ProfileViewModel
taxi.kassa.view.withdraws.withdraw_create.WithdrawCreateFragment
taxi.kassa.model.responses.AccountsList: AccountsList()
taxi.kassa.R$id: int signup_button
taxi.kassa.R$id: int sent_message_tv
taxi.kassa.R$id: int masked
taxi.kassa.R$id: int mtrl_internal_children_alpha_tag
taxi.kassa.model.Notification: boolean component4()
taxi.kassa.model.responses.ResponseAuthSendCode: void setToken(java.lang.String)
taxi.kassa.R$id: int search_src_text
taxi.kassa.R$id: int num_5
taxi.kassa.model.LoadImage: int getId()
taxi.kassa.model.responses.Account: java.lang.String getCardNumber()
taxi.kassa.R$id: int accessibility_custom_action_18
taxi.kassa.model.responses.Order: java.lang.String status
taxi.kassa.model.Notification: java.lang.String getDate()
taxi.kassa.R$id: int back_side_input_view2
taxi.kassa.model.responses.Withdraw: java.lang.String amount
taxi.kassa.R$id: int login_checkbox
taxi.kassa.R$id: int accessibility_custom_action_8
taxi.kassa.model.responses.Order: void setId(java.lang.String)
taxi.kassa.R$id: int action_registrationFragment_to_authSignUpFragment
...
com.google.android.material.chip.ChipDrawable: void scheduleDrawable(android.graphics.drawable.Drawable,java.lang.Runnable,long)
com.google.firebase.datatransport.R$attr: int layout_insetEdge
com.google.android.material.bottomappbar.BottomAppBar: android.animation.Animator menuAnimator
androidx.appcompat.view.menu.MenuBuilder: void setGroupDividerEnabled(boolean)
androidx.appcompat.R$styleable: int TextAppearance_android_textStyle
com.google.android.material.chip.Chip: void drawableStateChanged()
com.google.android.material.shape.ShapeAppearanceModel$Builder: com.google.android.material.shape.ShapeAppearanceModel$Builder setBottomLeftCornerSize(com.google.android.material.shape.CornerSize)
com.google.android.material.R$drawable: int ic_menu_arrow_down_black_24dp
com.google.firebase.installations.FirebaseInstallations: java.lang.Object lock
com.google.android.material.transformation.ExpandableTransformationBehavior
com.google.android.material.internal.ForegroundLinearLayout: boolean mForegroundInPadding
com.google.firebase.R$attr: int coordinatorLayoutStyle
androidx.appcompat.R$layout: int select_dialog_item_material
com.google.android.material.R$style: int Widget_AppCompat_Light_ActionBar_TabText_Inverse
com.google.android.gms.tasks.Task: com.google.android.gms.tasks.Task addOnSuccessListener(com.google.android.gms.tasks.OnSuccessListener)
com.google.android.gms.common.api.internal.GoogleServices: void clearInstanceForTest()
com.google.android.gms.common.GooglePlayServicesUtil: java.lang.String GOOGLE_PLAY_STORE_PACKAGE
com.google.android.gms.common.api.internal.zax: java.util.Queue zafc
com.google.android.gms.signin.zaa: com.google.android.gms.common.api.Scope zar
com.google.android.material.snackbar.BaseTransientBottomBar: java.lang.String access$400()
com.google.android.gms.common.GoogleApiAvailability: void showErrorNotification(android.content.Context,int)
com.google.android.material.R$attr: int cornerFamilyTopRight
androidx.coordinatorlayout.widget.CoordinatorLayout: CoordinatorLayout(android.content.Context)
com.google.android.material.R$dimen: int mtrl_btn_text_size
androidx.appcompat.widget.ActivityChooserView
com.google.android.gms.common.api.internal.GoogleApiManager$zaa: com.google.android.gms.common.api.internal.zai zafq
com.google.android.gms.common.api.internal.StatusPendingResult: StatusPendingResult(com.google.android.gms.common.api.GoogleApiClient)
com.google.firebase.datatransport.R$attr: int layout_anchor
com.google.android.material.R$drawable: int abc_ic_menu_copy_mtrl_am_alpha
com.google.android.material.floatingactionbutton.FloatingActionButton: void setShowMotionSpecResource(int)
com.google.android.gms.dynamite.DynamiteModule: com.google.android.gms.dynamite.DynamiteModule$VersionPolicy PREFER_LOCAL
com.google.android.datatransport.runtime.scheduling.DefaultScheduler_Factory: DefaultScheduler_Factory(javax.inject.Provider,javax.inject.Provider,javax.inject.Provider,javax.inject.Provider,javax.inject.Provider)
androidx.constraintlayout.widget.Placeholder
com.google.android.gms.stats.WakeLock: int zzd
com.google.firebase.installations.local.IidStore: IidStore(com.google.firebase.FirebaseApp)
com.google.android.gms.common.api.internal.zae: void zaa(com.google.android.gms.common.api.Status)
androidx.appcompat.widget.LinearLayoutCompat: int mGravity
com.google.android.datatransport.runtime.scheduling.jobscheduling.SchedulerConfig$Flag
androidx.appcompat.R$id: int accessibility_custom_action_23
com.google.android.material.shape.ShapeAppearanceModel$Builder: com.google.android.material.shape.CornerSize access$600(com.google.android.material.shape.ShapeAppearanceModel$Builder)
com.google.android.gms.common.Scopes: java.lang.String FITNESS_NUTRITION_READ_WRITE
com.google.android.gms.common.stats.WakeLockEvent
androidx.coordinatorlayout.R$attr: int fontStyle
com.google.android.gms.common.api.internal.StatusCallback: void onResult(com.google.android.gms.common.api.Status)