app/build/outputs/mapping/debug/mapping.txt
# compiler: R8
# compiler_version: 1.6.82
# min_api: 21
# pg_map_id: aa0e759
# common_typos_disable
taxi.kassa.MyApplication -> taxi.kassa.MyApplication:
    taxi.kassa.MyApplication instance -> e
    taxi.kassa.MyApplication$Companion Companion -> f
    taxi.kassa.MyApplication access$getInstance$cp() -> a
taxi.kassa.MyApplication$Companion -> taxi.kassa.MyApplication$a:
    android.content.Context appContext() -> a
taxi.kassa.MyApplication$onCreate$1 -> taxi.kassa.MyApplication$b:
    taxi.kassa.MyApplication this$0 -> f
    void invoke(org.koin.core.KoinApplication) -> a
    java.lang.Object invoke(java.lang.Object) -> c
taxi.kassa.R$id -> taxi.kassa.a:
taxi.kassa.di.ModulesKt -> taxi.kassa.b.a:
    org.koin.core.module.Module viewModelModule -> b
    org.koin.core.module.Module repositoryModule -> a
    org.koin.core.module.Module appModule -> c
    org.koin.core.module.Module getAppModule() -> a
    org.koin.core.module.Module getRepositoryModule() -> b
    org.koin.core.module.Module getViewModelModule() -> c
taxi.kassa.di.ModulesKt$appModule$1 -> taxi.kassa.b.a$a:
    taxi.kassa.di.ModulesKt$appModule$1 INSTANCE -> f
    void invoke(org.koin.core.module.Module) -> a
    java.lang.Object invoke(java.lang.Object) -> c
taxi.kassa.di.ModulesKt$appModule$1$1 -> taxi.kassa.b.a$a$a:
    taxi.kassa.di.ModulesKt$appModule$1$1 INSTANCE -> f
    java.lang.Object invoke(java.lang.Object,java.lang.Object) -> a
    taxi.kassa.model.remote.ApiService invoke(org.koin.core.scope.Scope,org.koin.core.parameter.DefinitionParameters) -> a
taxi.kassa.di.ModulesKt$repositoryModule$1 -> taxi.kassa.b.a$b:
    taxi.kassa.di.ModulesKt$repositoryModule$1 INSTANCE -> f
    void invoke(org.koin.core.module.Module) -> a
    java.lang.Object invoke(java.lang.Object) -> c
taxi.kassa.di.ModulesKt$repositoryModule$1$1 -> taxi.kassa.b.a$b$a:
    taxi.kassa.di.ModulesKt$repositoryModule$1$1 INSTANCE -> f
    java.lang.Object invoke(java.lang.Object,java.lang.Object) -> a
    taxi.kassa.repository.ApiRepository invoke(org.koin.core.scope.Scope,org.koin.core.parameter.DefinitionParameters) -> a
taxi.kassa.di.ModulesKt$viewModelModule$1 -> taxi.kassa.b.a$c:
    taxi.kassa.di.ModulesKt$viewModelModule$1 INSTANCE -> f
    void invoke(org.koin.core.module.Module) -> a
    java.lang.Object invoke(java.lang.Object) -> c
taxi.kassa.di.ModulesKt$viewModelModule$1$1 -> taxi.kassa.b.a$c$i:
    taxi.kassa.di.ModulesKt$viewModelModule$1$1 INSTANCE -> f
    java.lang.Object invoke(java.lang.Object,java.lang.Object) -> a
    taxi.kassa.view.auth.auth_phone.AuthPhoneViewModel invoke(org.koin.core.scope.Scope,org.koin.core.parameter.DefinitionParameters) -> a
taxi.kassa.di.ModulesKt$viewModelModule$1$10 -> taxi.kassa.b.a$c$a:
    taxi.kassa.di.ModulesKt$viewModelModule$1$10 INSTANCE -> f
    java.lang.Object invoke(java.lang.Object,java.lang.Object) -> a
    taxi.kassa.view.orders.OrdersViewModel invoke(org.koin.core.scope.Scope,org.koin.core.parameter.DefinitionParameters) -> a
taxi.kassa.di.ModulesKt$viewModelModule$1$11 -> taxi.kassa.b.a$c$b:
    taxi.kassa.di.ModulesKt$viewModelModule$1$11 INSTANCE -> f
    java.lang.Object invoke(java.lang.Object,java.lang.Object) -> a
    taxi.kassa.view.fuel.FuelReplenishViewModel invoke(org.koin.core.scope.Scope,org.koin.core.parameter.DefinitionParameters) -> a
taxi.kassa.di.ModulesKt$viewModelModule$1$12 -> taxi.kassa.b.a$c$c:
    taxi.kassa.di.ModulesKt$viewModelModule$1$12 INSTANCE -> f
    java.lang.Object invoke(java.lang.Object,java.lang.Object) -> a
    taxi.kassa.view.orders.list.OrdersListViewModel invoke(org.koin.core.scope.Scope,org.koin.core.parameter.DefinitionParameters) -> a
taxi.kassa.di.ModulesKt$viewModelModule$1$13 -> taxi.kassa.b.a$c$d:
    taxi.kassa.di.ModulesKt$viewModelModule$1$13 INSTANCE -> f
    java.lang.Object invoke(java.lang.Object,java.lang.Object) -> a
    taxi.kassa.view.support.chat.ChatHistoryViewModel invoke(org.koin.core.scope.Scope,org.koin.core.parameter.DefinitionParameters) -> a
...
androidx.fragment.app.Fragment$1 -> androidx.fragment.app.Fragment$a:
    androidx.fragment.app.Fragment this$0 -> e
androidx.fragment.app.Fragment$2 -> androidx.fragment.app.Fragment$2:
    androidx.fragment.app.Fragment this$0 -> a
    void onStateChanged(androidx.lifecycle.LifecycleOwner,androidx.lifecycle.Lifecycle$Event) -> a
androidx.fragment.app.Fragment$3 -> androidx.fragment.app.Fragment$b:
    androidx.fragment.app.Fragment this$0 -> e
androidx.fragment.app.Fragment$4 -> androidx.fragment.app.Fragment$c:
    androidx.fragment.app.Fragment this$0 -> a
    android.view.View onFindViewById(int) -> a
    boolean onHasView() -> b
androidx.fragment.app.Fragment$AnimationInfo -> androidx.fragment.app.Fragment$d:
    java.lang.Object mReenterTransition -> j
    java.lang.Object mSharedElementEnterTransition -> k
    java.lang.Object mReturnTransition -> h
    java.lang.Object mExitTransition -> i
    androidx.core.app.SharedElementCallback mEnterTransitionCallback -> o
    java.lang.Object mEnterTransition -> g
    androidx.core.app.SharedElementCallback mExitTransitionCallback -> p
    int mNextTransitionStyle -> f
    int mNextAnim -> d
    java.lang.Boolean mAllowReturnTransitionOverlap -> m
    int mNextTransition -> e
    java.lang.Boolean mAllowEnterTransitionOverlap -> n
    boolean mEnterTransitionPostponed -> q
    int mStateAfterAnimating -> c
    java.lang.Object mSharedElementReturnTransition -> l
    boolean mIsHideReplaced -> s
    androidx.fragment.app.Fragment$OnStartEnterTransitionListener mStartEnterTransitionListener -> r
    android.animation.Animator mAnimator -> b
    android.view.View mAnimatingAway -> a
androidx.fragment.app.Fragment$InstantiationException -> androidx.fragment.app.Fragment$e:
androidx.fragment.app.Fragment$OnStartEnterTransitionListener -> androidx.fragment.app.Fragment$f:
    void onStartEnterTransition() -> a
    void startListening() -> b
androidx.fragment.app.Fragment$SavedState -> androidx.fragment.app.Fragment$SavedState:
    android.os.Bundle mState -> e
androidx.fragment.app.Fragment$SavedState$1 -> androidx.fragment.app.Fragment$SavedState$a:
androidx.fragment.app.FragmentActivity -> androidx.fragment.app.FragmentActivity:
    boolean mCreated -> m
    androidx.lifecycle.LifecycleRegistry mFragmentLifecycleRegistry -> l
    boolean mResumed -> n
    boolean mStopped -> o
    boolean mRequestedPermissionsFromFragment -> p
    androidx.collection.SparseArrayCompat mPendingFragmentActivityResults -> t
    androidx.fragment.app.FragmentController mFragments -> k
    boolean mStartedIntentSenderFromFragment -> q
    boolean mStartedActivityFromFragment -> r
    int mNextCandidateRequestIndex -> s
    android.view.View dispatchFragmentsOnCreateView(android.view.View,java.lang.String,android.content.Context,android.util.AttributeSet) -> a
    boolean markState(androidx.fragment.app.FragmentManager,androidx.lifecycle.Lifecycle$State) -> a
    void onAttachFragment(androidx.fragment.app.Fragment) -> a
    boolean onPrepareOptionsPanel(android.view.View,android.view.Menu) -> a
    void requestPermissionsFromFragment(androidx.fragment.app.Fragment,java.lang.String[],int) -> a
    void startActivityFromFragment(androidx.fragment.app.Fragment,android.content.Intent,int,android.os.Bundle) -> a
    void startIntentSenderFromFragment(androidx.fragment.app.Fragment,android.content.IntentSender,int,android.content.Intent,int,int,int,android.os.Bundle) -> a
    void validateRequestPermissionsRequestCode(int) -> a
    int allocateRequestIndex(androidx.fragment.app.Fragment) -> b
    void checkForValidRequestCode(int) -> b