app/build/outputs/mapping/debug/usage.txt
taxi.kassa.R$color
taxi.kassa.R$styleable
taxi.kassa.view.withdraws.withdraw.WithdrawFragment:
    private static final java.lang.String ALFABANK
    private static final java.lang.String BINBANK
    private static final java.lang.String VTB_BANK
    private static final java.lang.String SBERBANK
taxi.kassa.view.orders.adapter.OrdersAdapter:
    private static final int TYPE_ITEM
    private static final int TYPE_DATE
    private static final java.lang.String DATE_ITEM_ID
taxi.kassa.R
taxi.kassa.R$bool
taxi.kassa.R$interpolator
taxi.kassa.R$style
taxi.kassa.BuildConfig
taxi.kassa.view.registration.connection.ConnectionFragment$checkEditTextIsComplete$1$1
taxi.kassa.R$dimen
taxi.kassa.view.registration.photo.PhotoFragment:
    public static final synthetic android.graphics.Bitmap access$getPhotoBitmap$p(taxi.kassa.view.registration.photo.PhotoFragment)
    private static final int REQUEST_CODE_PERMISSIONS
taxi.kassa.util.Constants:
    public static final java.lang.String API_VERSION
    public static final java.lang.String KEY
    public static final java.lang.String MAIN_STORAGE
    public static final java.lang.String PHONE
    public static final java.lang.String TOKEN
    public static final java.lang.String NEW
    public static final java.lang.String APPROVED
    public static final java.lang.String WRITTEN_OFF
    public static final java.lang.String CANCELED
    public static final java.lang.String WITHDRAW
    public static final java.lang.String TAXI
    public static final java.lang.String CONNECTION
    public static final java.lang.String SUPPORT_PHONE_NUMBER
    public static final java.lang.String NOTIFICATIONS
    public static final java.lang.String PUSH_COUNTER
    public static final java.lang.String MESSAGES_COUNTER
    public static final java.lang.String TOTAL_BALANCE
    public static final java.lang.String PHONE_MASK
    public static final java.lang.String CARD_MASK
    public static final java.lang.String YANDEX
    public static final java.lang.String GETT
    public static final java.lang.String CITYMOBIL
    public static final java.lang.String TITLE
    public static final java.lang.String MESSAGE
    public static final java.lang.String HOURS_PATTERN
    public static final java.lang.String DAY_YEAR_PATTERN
    public static final java.lang.String FULL_PATTERN
    public static final java.lang.String PUSH_PATTERN
taxi.kassa.view.orders.list.OrdersListFragment:
    private static final java.lang.String ARG_TAXI
taxi.kassa.R$attr
taxi.kassa.R$navigation
taxi.kassa.view.auth.auth_code.AuthCodeFragment:
    public static final synthetic void access$setEditTexts$p(taxi.kassa.view.auth.auth_code.AuthCodeFragment,java.util.List)
taxi.kassa.view.registration.photo.PhotoFragment$onDetach$1
taxi.kassa.view.auth.auth_sign_up.AuthSignUpFragment:
    public static final synthetic boolean access$getLoginIsReady$p(taxi.kassa.view.auth.auth_sign_up.AuthSignUpFragment)
taxi.kassa.MyApplication:
    public static final synthetic void access$setInstance$cp(taxi.kassa.MyApplication)
taxi.kassa.view.accounts.AccountsFragment:
    public static final synthetic void access$setViewModel$p(taxi.kassa.view.accounts.AccountsFragment,taxi.kassa.view.accounts.AccountsViewModel)
taxi.kassa.view.withdraws.WithdrawsAdapter:
    private static final int TYPE_ITEM
    private static final int TYPE_DATE
    private static final java.lang.String DATE_ITEM_ID
taxi.kassa.view.support.chat.ChatHistoryAdapter:
    private static final int TYPE_SENT
    private static final int TYPE_INCOMING
taxi.kassa.view.withdraws.withdraw_create.WithdrawCreateFragment:
    public static final synthetic void access$setViewModel$p(taxi.kassa.view.withdraws.withdraw_create.WithdrawCreateFragment,taxi.kassa.view.withdraws.withdraw_create.WithdrawCreateViewModel)
taxi.kassa.view.auth.auth_phone.AuthPhoneFragment:
    public static final synthetic boolean access$getLoginIsReady$p(taxi.kassa.view.auth.auth_phone.AuthPhoneFragment)
...
androidx.viewpager2.adapter.FragmentStateAdapter$2:
    void <init>(androidx.viewpager2.adapter.FragmentStateAdapter,androidx.viewpager2.adapter.FragmentViewHolder)
androidx.core.app.NotificationCompat$GroupAlertBehavior
androidx.appcompat.widget.AppCompatSpinner:
    public void <init>(android.content.Context)
    public void <init>(android.content.Context,int)
    private static final int MAX_ITEMS_MEASURED
    private static final java.lang.String TAG
    private static final int MODE_DIALOG
    private static final int MODE_DROPDOWN
    private static final int MODE_THEME
kotlin.jvm.JvmSynthetic
kotlin.reflect.KMutableProperty1
kotlinx.coroutines.channels.ChannelsKt__Channels_commonKt$consumeEach$3
org.koin.androidx.scope.R$layout
kotlin.io.ConstantsKt
kotlin.time.Duration$Companion
org.intellij.lang.annotations.JdkConstants$TreeSelectionMode
kotlin.coroutines.experimental.intrinsics.IntrinsicsKt__IntrinsicsJvmKt$buildContinuationByInvokeCall$continuation$1
kotlinx.coroutines.flow.internal.ChannelFlowOperatorImpl
kotlin.PreconditionsKt
androidx.camera.camera2.impl.compat.params.package-info
okhttp3.internal.concurrent.TaskQueue:
    public static synthetic void schedule$default(okhttp3.internal.concurrent.TaskQueue,java.lang.String,long,kotlin.jvm.functions.Function0,int,java.lang.Object)
    public static synthetic void execute$default(okhttp3.internal.concurrent.TaskQueue,java.lang.String,long,boolean,kotlin.jvm.functions.Function0,int,java.lang.Object)
    public final void setShutdown$okhttp(boolean)
    public final java.util.List getScheduledTasks()
    public final void schedule(java.lang.String,long,kotlin.jvm.functions.Function0)
    public final void execute(java.lang.String,long,boolean,kotlin.jvm.functions.Function0)
    public final java.util.concurrent.CountDownLatch idleLatch()
kotlinx.coroutines.flow.FlowKt__MigrationKt$combine$$inlined$unsafeFlow$3$1
kotlinx.coroutines.channels.ChannelsKt__Channels_commonKt$elementAt$1
kotlin._Assertions
kotlin.coroutines.CombinedContext:
    private final java.lang.Object writeReplace()
androidx.appcompat.widget.ScrollingTabContainerView:
    public void <init>(android.content.Context)
    private androidx.appcompat.widget.LinearLayoutCompat createTabLayout()
    public void animateToVisibility(int)
    public void addTab(androidx.appcompat.app.ActionBar$Tab,boolean)
    public void addTab(androidx.appcompat.app.ActionBar$Tab,int,boolean)
    public void updateTab(int)
    public void removeTabAt(int)
    public void removeAllTabs()
    protected android.view.ViewPropertyAnimator mVisibilityAnim
    protected final androidx.appcompat.widget.ScrollingTabContainerView$VisibilityAnimListener mVisAnimListener
    private static final java.lang.String TAG
    private static final int FADE_DURATION
androidx.navigation.R$layout
androidx.core.app.NotificationCompat$1
kotlinx.coroutines.DispatchedContinuation:
    public static synthetic void _state$annotations()
    public final kotlinx.coroutines.CancellableContinuationImpl claimReusableCancellableContinuation()
    public final void resumeCancellableWith(java.lang.Object)
    public final boolean resumeCancelled()
    public final void resumeUndispatchedWith(java.lang.Object)
    public final void dispatchYield$kotlinx_coroutines_core(kotlin.coroutines.CoroutineContext,java.lang.Object)
okhttp3.MultipartBody$Builder:
    public final okhttp3.MultipartBody$Builder addPart(okhttp3.RequestBody)
    public final okhttp3.MultipartBody$Builder addFormDataPart(java.lang.String,java.lang.String)
    public final okhttp3.MultipartBody$Builder addFormDataPart(java.lang.String,java.lang.String,okhttp3.RequestBody)
androidx.annotation.XmlRes